2018-01-07 17:06:45.857 INFO  (main) [   ] o.e.j.s.Server jetty-9.3.20.v20170531
2018-01-07 17:06:46.590 INFO  (main) [   ] o.a.s.s.SolrDispatchFilter  ___      _       Welcome to Apache Solr™ version 7.1.0
2018-01-07 17:06:46.591 INFO  (main) [   ] o.a.s.s.SolrDispatchFilter / __| ___| |_ _   Starting in standalone mode on port 8983
2018-01-07 17:06:46.591 INFO  (main) [   ] o.a.s.s.SolrDispatchFilter \__ \/ _ \ | '_|  Install dir: /Users/and_oik/Desktop/Information Retrieval/collection-retrieval/solr-7.1.0, Default config dir: /Users/and_oik/Desktop/Information Retrieval/collection-retrieval/solr-7.1.0/server/solr/configsets/_default/conf
2018-01-07 17:06:46.668 INFO  (main) [   ] o.a.s.s.SolrDispatchFilter |___/\___/_|_|    Start time: 2018-01-07T17:06:46.592Z
2018-01-07 17:06:46.669 INFO  (main) [   ] o.a.s.u.StartupLoggingUtils Property solr.log.muteconsole given. Muting ConsoleAppender named CONSOLE
2018-01-07 17:06:46.749 INFO  (main) [   ] o.a.s.c.SolrResourceLoader Using system property solr.solr.home: /Users/and_oik/Desktop/Information Retrieval/collection-retrieval/solr-7.1.0/server/solr
2018-01-07 17:06:46.784 INFO  (main) [   ] o.a.s.c.SolrXmlConfig Loading container configuration from /Users/and_oik/Desktop/Information Retrieval/collection-retrieval/solr-7.1.0/server/solr/solr.xml
2018-01-07 17:06:49.466 INFO  (main) [   ] o.a.s.c.CorePropertiesLocator Found 1 core definitions underneath /Users/and_oik/Desktop/Information Retrieval/collection-retrieval/solr-7.1.0/server/solr
2018-01-07 17:06:49.478 INFO  (main) [   ] o.a.s.c.CorePropertiesLocator Cores are: [cacm]
2018-01-07 17:06:49.484 INFO  (coreLoadExecutor-6-thread-1) [   ] o.a.s.c.TransientSolrCoreCacheDefault Allocating transient cache for 2147483647 transient cores
2018-01-07 17:06:49.719 INFO  (coreLoadExecutor-6-thread-1) [   x:cacm] o.a.s.c.SolrResourceLoader [cacm] Added 53 libs to classloader, from paths: [/Users/and_oik/Desktop/Information%20Retrieval/collection-retrieval/solr-7.1.0/contrib/clustering/lib, /Users/and_oik/Desktop/Information%20Retrieval/collection-retrieval/solr-7.1.0/contrib/extraction/lib, /Users/and_oik/Desktop/Information%20Retrieval/collection-retrieval/solr-7.1.0/contrib/langid/lib, /Users/and_oik/Desktop/Information%20Retrieval/collection-retrieval/solr-7.1.0/contrib/velocity/lib, /Users/and_oik/Desktop/Information%20Retrieval/collection-retrieval/solr-7.1.0/dist]
2018-01-07 17:06:49.824 INFO  (main) [   ] o.e.j.s.Server Started @5843ms
2018-01-07 17:06:49.943 INFO  (coreLoadExecutor-6-thread-1) [   x:cacm] o.a.s.c.SolrConfig Using Lucene MatchVersion: 7.1.0
2018-01-07 17:06:50.299 INFO  (coreLoadExecutor-6-thread-1) [   x:cacm] o.a.s.s.IndexSchema [cacm] Schema name=default-config
2018-01-07 17:06:51.004 INFO  (coreLoadExecutor-6-thread-1) [   x:cacm] o.a.s.s.IndexSchema Loaded schema default-config/1.6 with uniqueid field id
2018-01-07 17:06:51.059 INFO  (coreLoadExecutor-6-thread-1) [   x:cacm] o.a.s.c.CoreContainer Creating SolrCore 'cacm' using configuration from instancedir /Users/and_oik/Desktop/Information Retrieval/collection-retrieval/solr-7.1.0/server/solr/cacm, trusted=true
2018-01-07 17:06:51.115 INFO  (coreLoadExecutor-6-thread-1) [   x:cacm] o.a.s.c.SolrCore solr.RecoveryStrategy.Builder
2018-01-07 17:06:51.121 INFO  (coreLoadExecutor-6-thread-1) [   x:cacm] o.a.s.c.SolrCore [[cacm] ] Opening new SolrCore at [/Users/and_oik/Desktop/Information Retrieval/collection-retrieval/solr-7.1.0/server/solr/cacm], dataDir=[/Users/and_oik/Desktop/Information Retrieval/collection-retrieval/solr-7.1.0/server/solr/cacm/data/]
2018-01-07 17:06:51.220 INFO  (coreLoadExecutor-6-thread-1) [   x:cacm] o.a.s.r.XSLTResponseWriter xsltCacheLifetimeSeconds=5
2018-01-07 17:06:51.631 INFO  (coreLoadExecutor-6-thread-1) [   x:cacm] o.a.s.u.UpdateHandler Using UpdateLog implementation: org.apache.solr.update.UpdateLog
2018-01-07 17:06:51.631 INFO  (coreLoadExecutor-6-thread-1) [   x:cacm] o.a.s.u.UpdateLog Initializing UpdateLog: dataDir= defaultSyncLevel=FLUSH numRecordsToKeep=100 maxNumLogsToKeep=10 numVersionBuckets=65536
2018-01-07 17:06:51.681 INFO  (coreLoadExecutor-6-thread-1) [   x:cacm] o.a.s.u.CommitTracker Hard AutoCommit: if uncommited for 15000ms; 
2018-01-07 17:06:51.681 INFO  (coreLoadExecutor-6-thread-1) [   x:cacm] o.a.s.u.CommitTracker Soft AutoCommit: disabled
2018-01-07 17:06:51.950 INFO  (coreLoadExecutor-6-thread-1) [   x:cacm] o.a.s.s.SolrIndexSearcher Opening [Searcher@4826ad51[cacm] main]
2018-01-07 17:06:51.976 INFO  (coreLoadExecutor-6-thread-1) [   x:cacm] o.a.s.r.ManagedResourceStorage File-based storage initialized to use dir: /Users/and_oik/Desktop/Information Retrieval/collection-retrieval/solr-7.1.0/server/solr/cacm/conf
2018-01-07 17:06:51.996 INFO  (coreLoadExecutor-6-thread-1) [   x:cacm] o.a.s.h.c.SpellCheckComponent Initializing spell checkers
2018-01-07 17:06:52.002 INFO  (coreLoadExecutor-6-thread-1) [   x:cacm] o.a.s.s.DirectSolrSpellChecker init: {name=default,field=_text_,classname=solr.DirectSolrSpellChecker,distanceMeasure=internal,accuracy=0.5,maxEdits=2,minPrefix=1,maxInspections=5,minQueryLength=4,maxQueryFrequency=0.01}
2018-01-07 17:06:52.017 INFO  (coreLoadExecutor-6-thread-1) [   x:cacm] o.a.s.h.ReplicationHandler Commits will be reserved for 10000ms.
2018-01-07 17:06:52.099 INFO  (searcherExecutor-7-thread-1-processing-x:cacm) [   x:cacm] o.a.s.c.QuerySenderListener QuerySenderListener sending requests to Searcher@4826ad51[cacm] main{ExitableDirectoryReader(UninvertingDirectoryReader(Uninverting(_0(7.1.0):C3204)))}
2018-01-07 17:06:52.099 INFO  (searcherExecutor-7-thread-1-processing-x:cacm) [   x:cacm] o.a.s.c.QuerySenderListener QuerySenderListener done.
2018-01-07 17:06:52.099 INFO  (searcherExecutor-7-thread-1-processing-x:cacm) [   x:cacm] o.a.s.h.c.SpellCheckComponent Loading spell index for spellchecker: default
2018-01-07 17:06:52.116 INFO  (searcherExecutor-7-thread-1-processing-x:cacm) [   x:cacm] o.a.s.c.SolrCore [cacm] Registered new searcher Searcher@4826ad51[cacm] main{ExitableDirectoryReader(UninvertingDirectoryReader(Uninverting(_0(7.1.0):C3204)))}
2018-01-07 17:07:29.343 INFO  (qtp128526626-15) [   ] o.a.s.s.HttpSolrCall [admin] webapp=null path=/admin/cores params={indexInfo=false&wt=json&_=1515344849024} status=0 QTime=8
2018-01-07 17:07:29.452 INFO  (qtp128526626-20) [   ] o.a.s.s.HttpSolrCall [admin] webapp=null path=/admin/info/system params={wt=json&_=1515344849025} status=0 QTime=116
2018-01-07 17:07:29.492 INFO  (qtp128526626-16) [   ] o.a.s.s.HttpSolrCall [admin] webapp=null path=/admin/info/system params={wt=json&_=1515344849025} status=0 QTime=28
2018-01-07 17:07:32.733 INFO  (qtp128526626-15) [   ] o.a.s.s.HttpSolrCall [admin] webapp=null path=/admin/cores params={indexInfo=false&wt=json&_=1515344849024} status=0 QTime=0
2018-01-07 17:07:32.748 INFO  (qtp128526626-18) [   x:cacm] o.a.s.c.S.Request [cacm]  webapp=/solr path=/replication params={wt=json&command=details&_=1515344852724} status=0 QTime=4
2018-01-07 17:07:32.750 INFO  (qtp128526626-21) [   x:cacm] o.a.s.c.S.Request [cacm]  webapp=/solr path=/admin/luke params={numTerms=0&show=index&wt=json&_=1515344852724} status=0 QTime=12
2018-01-07 17:07:32.759 INFO  (qtp128526626-20) [   x:cacm] o.a.s.c.S.Request [cacm]  webapp=/solr path=/admin/ping params={action=status&wt=json&_=1515344849026&ts=1515344849026} status=503 QTime=5
2018-01-07 17:07:32.800 INFO  (qtp128526626-12) [   ] o.a.s.s.HttpSolrCall [admin] webapp=null path=/admin/info/system params={wt=json&_=1515344849025} status=0 QTime=63
2018-01-07 17:07:32.800 INFO  (qtp128526626-14) [   x:cacm] o.a.s.c.S.Request [cacm]  webapp=/solr path=/admin/system params={wt=json&_=1515344852724} status=0 QTime=55
2018-01-07 17:07:41.182 INFO  (qtp128526626-18) [   ] o.a.s.s.HttpSolrCall [admin] webapp=null path=/admin/cores params={indexInfo=false&wt=json&_=1515344849024} status=0 QTime=0
2018-01-07 17:07:41.222 INFO  (qtp128526626-13) [   ] o.a.s.s.HttpSolrCall [admin] webapp=null path=/admin/info/system params={wt=json&_=1515344849025} status=0 QTime=39
2018-01-07 17:08:20.144 ERROR (qtp128526626-16) [   x:cacm] o.a.s.h.RequestHandlerBase org.apache.solr.common.SolrException: undefined field: "id,score"
	at org.apache.solr.schema.IndexSchema.getField(IndexSchema.java:1219)
	at org.apache.solr.request.SimpleFacets.getTermCounts(SimpleFacets.java:442)
	at org.apache.solr.request.SimpleFacets.getTermCounts(SimpleFacets.java:409)
	at org.apache.solr.request.SimpleFacets.lambda$getFacetFieldCounts$0(SimpleFacets.java:816)
	at java.util.concurrent.FutureTask.run(FutureTask.java:266)
	at org.apache.solr.request.SimpleFacets$3.execute(SimpleFacets.java:755)
	at org.apache.solr.request.SimpleFacets.getFacetFieldCounts(SimpleFacets.java:831)
	at org.apache.solr.handler.component.FacetComponent.getFacetCounts(FacetComponent.java:329)
	at org.apache.solr.handler.component.FacetComponent.process(FacetComponent.java:273)
	at org.apache.solr.handler.component.SearchHandler.handleRequestBody(SearchHandler.java:295)
	at org.apache.solr.handler.RequestHandlerBase.handleRequest(RequestHandlerBase.java:177)
	at org.apache.solr.core.SolrCore.execute(SolrCore.java:2484)
	at org.apache.solr.servlet.HttpSolrCall.execute(HttpSolrCall.java:720)
	at org.apache.solr.servlet.HttpSolrCall.call(HttpSolrCall.java:526)
	at org.apache.solr.servlet.SolrDispatchFilter.doFilter(SolrDispatchFilter.java:382)
	at org.apache.solr.servlet.SolrDispatchFilter.doFilter(SolrDispatchFilter.java:326)
	at org.eclipse.jetty.servlet.ServletHandler$CachedChain.doFilter(ServletHandler.java:1751)
	at org.eclipse.jetty.servlet.ServletHandler.doHandle(ServletHandler.java:582)
	at org.eclipse.jetty.server.handler.ScopedHandler.handle(ScopedHandler.java:143)
	at org.eclipse.jetty.security.SecurityHandler.handle(SecurityHandler.java:548)
	at org.eclipse.jetty.server.session.SessionHandler.doHandle(SessionHandler.java:226)
	at org.eclipse.jetty.server.handler.ContextHandler.doHandle(ContextHandler.java:1180)
	at org.eclipse.jetty.servlet.ServletHandler.doScope(ServletHandler.java:512)
	at org.eclipse.jetty.server.session.SessionHandler.doScope(SessionHandler.java:185)
	at org.eclipse.jetty.server.handler.ContextHandler.doScope(ContextHandler.java:1112)
	at org.eclipse.jetty.server.handler.ScopedHandler.handle(ScopedHandler.java:141)
	at org.eclipse.jetty.server.handler.ContextHandlerCollection.handle(ContextHandlerCollection.java:213)
	at org.eclipse.jetty.server.handler.HandlerCollection.handle(HandlerCollection.java:119)
	at org.eclipse.jetty.server.handler.HandlerWrapper.handle(HandlerWrapper.java:134)
	at org.eclipse.jetty.rewrite.handler.RewriteHandler.handle(RewriteHandler.java:335)
	at org.eclipse.jetty.server.handler.HandlerWrapper.handle(HandlerWrapper.java:134)
	at org.eclipse.jetty.server.Server.handle(Server.java:534)
	at org.eclipse.jetty.server.HttpChannel.handle(HttpChannel.java:320)
	at org.eclipse.jetty.server.HttpConnection.onFillable(HttpConnection.java:251)
	at org.eclipse.jetty.io.AbstractConnection$ReadCallback.succeeded(AbstractConnection.java:283)
	at org.eclipse.jetty.io.FillInterest.fillable(FillInterest.java:108)
	at org.eclipse.jetty.io.SelectChannelEndPoint$2.run(SelectChannelEndPoint.java:93)
	at org.eclipse.jetty.util.thread.strategy.ExecuteProduceConsume.executeProduceConsume(ExecuteProduceConsume.java:303)
	at org.eclipse.jetty.util.thread.strategy.ExecuteProduceConsume.produceConsume(ExecuteProduceConsume.java:148)
	at org.eclipse.jetty.util.thread.strategy.ExecuteProduceConsume.run(ExecuteProduceConsume.java:136)
	at org.eclipse.jetty.util.thread.QueuedThreadPool.runJob(QueuedThreadPool.java:671)
	at org.eclipse.jetty.util.thread.QueuedThreadPool$2.run(QueuedThreadPool.java:589)
	at java.lang.Thread.run(Thread.java:748)

2018-01-07 17:08:20.145 INFO  (qtp128526626-16) [   x:cacm] o.a.s.c.S.Request [cacm]  webapp=/solr path=/select params={q=author:+"Prieve,+B"+OR+author:+"Pooch,+U"&facet.field=id,score&facet=on&_=1515344861134} hits=3 status=400 QTime=128
2018-01-07 17:08:50.491 ERROR (qtp128526626-21) [   x:cacm] o.a.s.h.RequestHandlerBase org.apache.solr.common.SolrException: Can't determine a Sort Order (asc or desc) in sort spec 'score', pos=5
	at org.apache.solr.search.SortSpecParsing.parseSortSpecImpl(SortSpecParsing.java:173)
	at org.apache.solr.search.SortSpecParsing.parseSortSpec(SortSpecParsing.java:60)
	at org.apache.solr.search.QParser.getSortSpec(QParser.java:275)
	at org.apache.solr.handler.component.QueryComponent.prepare(QueryComponent.java:187)
	at org.apache.solr.handler.component.SearchHandler.handleRequestBody(SearchHandler.java:269)
	at org.apache.solr.handler.RequestHandlerBase.handleRequest(RequestHandlerBase.java:177)
	at org.apache.solr.core.SolrCore.execute(SolrCore.java:2484)
	at org.apache.solr.servlet.HttpSolrCall.execute(HttpSolrCall.java:720)
	at org.apache.solr.servlet.HttpSolrCall.call(HttpSolrCall.java:526)
	at org.apache.solr.servlet.SolrDispatchFilter.doFilter(SolrDispatchFilter.java:382)
	at org.apache.solr.servlet.SolrDispatchFilter.doFilter(SolrDispatchFilter.java:326)
	at org.eclipse.jetty.servlet.ServletHandler$CachedChain.doFilter(ServletHandler.java:1751)
	at org.eclipse.jetty.servlet.ServletHandler.doHandle(ServletHandler.java:582)
	at org.eclipse.jetty.server.handler.ScopedHandler.handle(ScopedHandler.java:143)
	at org.eclipse.jetty.security.SecurityHandler.handle(SecurityHandler.java:548)
	at org.eclipse.jetty.server.session.SessionHandler.doHandle(SessionHandler.java:226)
	at org.eclipse.jetty.server.handler.ContextHandler.doHandle(ContextHandler.java:1180)
	at org.eclipse.jetty.servlet.ServletHandler.doScope(ServletHandler.java:512)
	at org.eclipse.jetty.server.session.SessionHandler.doScope(SessionHandler.java:185)
	at org.eclipse.jetty.server.handler.ContextHandler.doScope(ContextHandler.java:1112)
	at org.eclipse.jetty.server.handler.ScopedHandler.handle(ScopedHandler.java:141)
	at org.eclipse.jetty.server.handler.ContextHandlerCollection.handle(ContextHandlerCollection.java:213)
	at org.eclipse.jetty.server.handler.HandlerCollection.handle(HandlerCollection.java:119)
	at org.eclipse.jetty.server.handler.HandlerWrapper.handle(HandlerWrapper.java:134)
	at org.eclipse.jetty.rewrite.handler.RewriteHandler.handle(RewriteHandler.java:335)
	at org.eclipse.jetty.server.handler.HandlerWrapper.handle(HandlerWrapper.java:134)
	at org.eclipse.jetty.server.Server.handle(Server.java:534)
	at org.eclipse.jetty.server.HttpChannel.handle(HttpChannel.java:320)
	at org.eclipse.jetty.server.HttpConnection.onFillable(HttpConnection.java:251)
	at org.eclipse.jetty.io.AbstractConnection$ReadCallback.succeeded(AbstractConnection.java:283)
	at org.eclipse.jetty.io.FillInterest.fillable(FillInterest.java:108)
	at org.eclipse.jetty.io.SelectChannelEndPoint$2.run(SelectChannelEndPoint.java:93)
	at org.eclipse.jetty.util.thread.strategy.ExecuteProduceConsume.executeProduceConsume(ExecuteProduceConsume.java:303)
	at org.eclipse.jetty.util.thread.strategy.ExecuteProduceConsume.produceConsume(ExecuteProduceConsume.java:148)
	at org.eclipse.jetty.util.thread.strategy.ExecuteProduceConsume.run(ExecuteProduceConsume.java:136)
	at org.eclipse.jetty.util.thread.QueuedThreadPool.runJob(QueuedThreadPool.java:671)
	at org.eclipse.jetty.util.thread.QueuedThreadPool$2.run(QueuedThreadPool.java:589)
	at java.lang.Thread.run(Thread.java:748)

2018-01-07 17:08:50.492 INFO  (qtp128526626-21) [   x:cacm] o.a.s.c.S.Request [cacm]  webapp=/solr path=/select params={q=author:+"Prieve,+B"+OR+author:+"Pooch,+U"&facet.field=id,score&sort=score&facet=on&_=1515344861134} status=400 QTime=5
2018-01-07 17:09:04.038 ERROR (qtp128526626-19) [   x:cacm] o.a.s.h.RequestHandlerBase org.apache.solr.common.SolrException: undefined field: "id,score"
	at org.apache.solr.schema.IndexSchema.getField(IndexSchema.java:1219)
	at org.apache.solr.request.SimpleFacets.getTermCounts(SimpleFacets.java:442)
	at org.apache.solr.request.SimpleFacets.getTermCounts(SimpleFacets.java:409)
	at org.apache.solr.request.SimpleFacets.lambda$getFacetFieldCounts$0(SimpleFacets.java:816)
	at java.util.concurrent.FutureTask.run(FutureTask.java:266)
	at org.apache.solr.request.SimpleFacets$3.execute(SimpleFacets.java:755)
	at org.apache.solr.request.SimpleFacets.getFacetFieldCounts(SimpleFacets.java:831)
	at org.apache.solr.handler.component.FacetComponent.getFacetCounts(FacetComponent.java:329)
	at org.apache.solr.handler.component.FacetComponent.process(FacetComponent.java:273)
	at org.apache.solr.handler.component.SearchHandler.handleRequestBody(SearchHandler.java:295)
	at org.apache.solr.handler.RequestHandlerBase.handleRequest(RequestHandlerBase.java:177)
	at org.apache.solr.core.SolrCore.execute(SolrCore.java:2484)
	at org.apache.solr.servlet.HttpSolrCall.execute(HttpSolrCall.java:720)
	at org.apache.solr.servlet.HttpSolrCall.call(HttpSolrCall.java:526)
	at org.apache.solr.servlet.SolrDispatchFilter.doFilter(SolrDispatchFilter.java:382)
	at org.apache.solr.servlet.SolrDispatchFilter.doFilter(SolrDispatchFilter.java:326)
	at org.eclipse.jetty.servlet.ServletHandler$CachedChain.doFilter(ServletHandler.java:1751)
	at org.eclipse.jetty.servlet.ServletHandler.doHandle(ServletHandler.java:582)
	at org.eclipse.jetty.server.handler.ScopedHandler.handle(ScopedHandler.java:143)
	at org.eclipse.jetty.security.SecurityHandler.handle(SecurityHandler.java:548)
	at org.eclipse.jetty.server.session.SessionHandler.doHandle(SessionHandler.java:226)
	at org.eclipse.jetty.server.handler.ContextHandler.doHandle(ContextHandler.java:1180)
	at org.eclipse.jetty.servlet.ServletHandler.doScope(ServletHandler.java:512)
	at org.eclipse.jetty.server.session.SessionHandler.doScope(SessionHandler.java:185)
	at org.eclipse.jetty.server.handler.ContextHandler.doScope(ContextHandler.java:1112)
	at org.eclipse.jetty.server.handler.ScopedHandler.handle(ScopedHandler.java:141)
	at org.eclipse.jetty.server.handler.ContextHandlerCollection.handle(ContextHandlerCollection.java:213)
	at org.eclipse.jetty.server.handler.HandlerCollection.handle(HandlerCollection.java:119)
	at org.eclipse.jetty.server.handler.HandlerWrapper.handle(HandlerWrapper.java:134)
	at org.eclipse.jetty.rewrite.handler.RewriteHandler.handle(RewriteHandler.java:335)
	at org.eclipse.jetty.server.handler.HandlerWrapper.handle(HandlerWrapper.java:134)
	at org.eclipse.jetty.server.Server.handle(Server.java:534)
	at org.eclipse.jetty.server.HttpChannel.handle(HttpChannel.java:320)
	at org.eclipse.jetty.server.HttpConnection.onFillable(HttpConnection.java:251)
	at org.eclipse.jetty.io.AbstractConnection$ReadCallback.succeeded(AbstractConnection.java:283)
	at org.eclipse.jetty.io.FillInterest.fillable(FillInterest.java:108)
	at org.eclipse.jetty.io.SelectChannelEndPoint$2.run(SelectChannelEndPoint.java:93)
	at org.eclipse.jetty.util.thread.strategy.ExecuteProduceConsume.executeProduceConsume(ExecuteProduceConsume.java:303)
	at org.eclipse.jetty.util.thread.strategy.ExecuteProduceConsume.produceConsume(ExecuteProduceConsume.java:148)
	at org.eclipse.jetty.util.thread.strategy.ExecuteProduceConsume.run(ExecuteProduceConsume.java:136)
	at org.eclipse.jetty.util.thread.QueuedThreadPool.runJob(QueuedThreadPool.java:671)
	at org.eclipse.jetty.util.thread.QueuedThreadPool$2.run(QueuedThreadPool.java:589)
	at java.lang.Thread.run(Thread.java:748)

2018-01-07 17:09:04.038 INFO  (qtp128526626-19) [   x:cacm] o.a.s.c.S.Request [cacm]  webapp=/solr path=/select params={q=author:+"Prieve,+B"+OR+author:+"Pooch,+U"&facet.field=id,score&fl=score&facet=on&_=1515344861134} hits=3 status=400 QTime=6
2018-01-07 17:09:15.634 ERROR (qtp128526626-18) [   x:cacm] o.a.s.h.RequestHandlerBase org.apache.solr.common.SolrException: undefined field: "score"
	at org.apache.solr.schema.IndexSchema.getField(IndexSchema.java:1219)
	at org.apache.solr.request.SimpleFacets.getTermCounts(SimpleFacets.java:442)
	at org.apache.solr.request.SimpleFacets.getTermCounts(SimpleFacets.java:409)
	at org.apache.solr.request.SimpleFacets.lambda$getFacetFieldCounts$0(SimpleFacets.java:816)
	at java.util.concurrent.FutureTask.run(FutureTask.java:266)
	at org.apache.solr.request.SimpleFacets$3.execute(SimpleFacets.java:755)
	at org.apache.solr.request.SimpleFacets.getFacetFieldCounts(SimpleFacets.java:831)
	at org.apache.solr.handler.component.FacetComponent.getFacetCounts(FacetComponent.java:329)
	at org.apache.solr.handler.component.FacetComponent.process(FacetComponent.java:273)
	at org.apache.solr.handler.component.SearchHandler.handleRequestBody(SearchHandler.java:295)
	at org.apache.solr.handler.RequestHandlerBase.handleRequest(RequestHandlerBase.java:177)
	at org.apache.solr.core.SolrCore.execute(SolrCore.java:2484)
	at org.apache.solr.servlet.HttpSolrCall.execute(HttpSolrCall.java:720)
	at org.apache.solr.servlet.HttpSolrCall.call(HttpSolrCall.java:526)
	at org.apache.solr.servlet.SolrDispatchFilter.doFilter(SolrDispatchFilter.java:382)
	at org.apache.solr.servlet.SolrDispatchFilter.doFilter(SolrDispatchFilter.java:326)
	at org.eclipse.jetty.servlet.ServletHandler$CachedChain.doFilter(ServletHandler.java:1751)
	at org.eclipse.jetty.servlet.ServletHandler.doHandle(ServletHandler.java:582)
	at org.eclipse.jetty.server.handler.ScopedHandler.handle(ScopedHandler.java:143)
	at org.eclipse.jetty.security.SecurityHandler.handle(SecurityHandler.java:548)
	at org.eclipse.jetty.server.session.SessionHandler.doHandle(SessionHandler.java:226)
	at org.eclipse.jetty.server.handler.ContextHandler.doHandle(ContextHandler.java:1180)
	at org.eclipse.jetty.servlet.ServletHandler.doScope(ServletHandler.java:512)
	at org.eclipse.jetty.server.session.SessionHandler.doScope(SessionHandler.java:185)
	at org.eclipse.jetty.server.handler.ContextHandler.doScope(ContextHandler.java:1112)
	at org.eclipse.jetty.server.handler.ScopedHandler.handle(ScopedHandler.java:141)
	at org.eclipse.jetty.server.handler.ContextHandlerCollection.handle(ContextHandlerCollection.java:213)
	at org.eclipse.jetty.server.handler.HandlerCollection.handle(HandlerCollection.java:119)
	at org.eclipse.jetty.server.handler.HandlerWrapper.handle(HandlerWrapper.java:134)
	at org.eclipse.jetty.rewrite.handler.RewriteHandler.handle(RewriteHandler.java:335)
	at org.eclipse.jetty.server.handler.HandlerWrapper.handle(HandlerWrapper.java:134)
	at org.eclipse.jetty.server.Server.handle(Server.java:534)
	at org.eclipse.jetty.server.HttpChannel.handle(HttpChannel.java:320)
	at org.eclipse.jetty.server.HttpConnection.onFillable(HttpConnection.java:251)
	at org.eclipse.jetty.io.AbstractConnection$ReadCallback.succeeded(AbstractConnection.java:283)
	at org.eclipse.jetty.io.FillInterest.fillable(FillInterest.java:108)
	at org.eclipse.jetty.io.SelectChannelEndPoint$2.run(SelectChannelEndPoint.java:93)
	at org.eclipse.jetty.util.thread.strategy.ExecuteProduceConsume.executeProduceConsume(ExecuteProduceConsume.java:303)
	at org.eclipse.jetty.util.thread.strategy.ExecuteProduceConsume.produceConsume(ExecuteProduceConsume.java:148)
	at org.eclipse.jetty.util.thread.strategy.ExecuteProduceConsume.run(ExecuteProduceConsume.java:136)
	at org.eclipse.jetty.util.thread.QueuedThreadPool.runJob(QueuedThreadPool.java:671)
	at org.eclipse.jetty.util.thread.QueuedThreadPool$2.run(QueuedThreadPool.java:589)
	at java.lang.Thread.run(Thread.java:748)

2018-01-07 17:09:15.634 INFO  (qtp128526626-18) [   x:cacm] o.a.s.c.S.Request [cacm]  webapp=/solr path=/select params={q=author:+"Prieve,+B"+OR+author:+"Pooch,+U"&facet.field=score&fl=score&facet=on&_=1515344861134} hits=3 status=400 QTime=2
2018-01-07 17:09:21.765 INFO  (qtp128526626-15) [   x:cacm] o.a.s.c.S.Request [cacm]  webapp=/solr path=/select params={q=author:+"Prieve,+B"+OR+author:+"Pooch,+U"&facet.field=id&fl=score&facet=on&_=1515344861134} hits=3 status=0 QTime=15
2018-01-07 17:09:43.727 INFO  (ShutdownMonitor) [   ] o.a.s.c.CoreContainer Shutting down CoreContainer instance=257608164
2018-01-07 17:09:43.727 INFO  (ShutdownMonitor) [   ] o.a.s.m.SolrMetricManager Closing metric reporters for registry=solr.node, tag=null
2018-01-07 17:09:43.727 INFO  (ShutdownMonitor) [   ] o.a.s.m.SolrMetricManager Closing metric reporters for registry=solr.jvm, tag=null
2018-01-07 17:09:43.727 INFO  (ShutdownMonitor) [   ] o.a.s.m.SolrMetricManager Closing metric reporters for registry=solr.jetty, tag=null
2018-01-07 17:09:43.730 INFO  (coreCloseExecutor-13-thread-1) [   x:cacm] o.a.s.c.SolrCore [cacm]  CLOSING SolrCore org.apache.solr.core.SolrCore@3cc31acd
2018-01-07 17:09:43.730 INFO  (coreCloseExecutor-13-thread-1) [   x:cacm] o.a.s.m.SolrMetricManager Closing metric reporters for registry=solr.core.cacm, tag=1019419341
